note: 626 unreachable fns (185599 bytes — set CYRIUS_DCE=1 to eliminate  dead: sys_read
  dead: sys_write
  dead: sys_dup2
  dead: sys_mkdir
  dead: sys_rmdir
  dead: sys_unlink
  dead: sys_chmod
  dead: sys_access
  dead: sys_fork
  dead: sys_exit
  dead: sys_execve
  dead: sys_pipe
  dead: sys_getpid
  dead: sys_getppid
  dead: sys_kill
  dead: sys_pause
  dead: sys_setsid
  dead: sys_waitpid
  dead: WIFEXITED
  dead: WEXITSTATUS
  dead: WIFSIGNALED
  dead: WTERMSIG
  dead: sys_getuid
  dead: sys_getgid
  dead: sys_geteuid
  dead: sys_getegid
  dead: sys_setuid
  dead: sys_setgid
  dead: sys_setgroups
  dead: sys_mount
  dead: sys_umount2
  dead: sys_sync
  dead: sys_reboot
  dead: sigset_new
  dead: sigset_add
  dead: sigset_has
  dead: sys_sigprocmask
  dead: sys_signalfd
  dead: sys_epoll_create
  dead: epoll_event_new
  dead: sys_epoll_ctl
  dead: sys_epoll_wait
  dead: sys_timerfd_create
  dead: timerspec_new
  dead: sys_timerfd_settime
  dead: timerfd_drain
  dead: is_err
  dead: err_code
  dead: sys_inotify_init
  dead: sys_inotify_add_watch
  dead: sys_inotify_rm_watch
  dead: memchr
  dead: strchr
  dead: print_num
  dead: println
  dead: atoi
  dead: strstr
  dead: str_lower_cstr
  dead: str_upper_cstr
  dead: str_lower_cstr_inplace
  dead: str_upper_cstr_inplace
  dead: alloc_reset
  dead: alloc_used
  dead: arena_new
  dead: arena_alloc
  dead: arena_reset
  dead: arena_used
  dead: arena_remaining
  dead: str_print
  dead: str_println
  dead: str_eq
  dead: str_cat
  dead: str_clone
  dead: str_contains
  dead: str_ends_with
  dead: str_index_of
  dead: str_from_int
  dead: str_join
  dead: str_index_of_cstr
  dead: str_split_cstr
  dead: Str_len
  dead: Str_data
  dead: Str_print
  dead: Str_println
  dead: Str_eq
  dead: Str_cat
  dead: Str_sub
  dead: Str_clone
  dead: Str_contains
  dead: Str_starts_with
  dead: Str_ends_with
  dead: Str_index_of
  dead: Str_from_int
  dead: Str_to_int
  dead: Str_trim
  dead: Str_split
  dead: fmt_int
  dead: fmt_int_fd
  dead: efmt_int
  dead: fmt_hex
  dead: fmt_hex0x
  dead: fmt_bool
  dead: fmt_pad
  dead: fmt_byte
  dead: fmt_hex_buf
  dead: fmt_sprintf
  dead: fmt_printf
  dead: fmt_float_buf
  dead: fmt_float
  dead: vec_cap
  dead: vec_set
  dead: vec_pop
  dead: vec_find
  dead: vec_remove
  dead: map_entries
  dead: map_cap
  dead: map_count
  dead: map_get_or
  dead: map_size
  dead: map_has
  dead: map_delete
  dead: map_keys
  dead: map_values
  dead: map_clear
  dead: map_iter
  dead: fncall2
  dead: map_print
  dead: file_write
  dead: file_write_all
  dead: file_lock
  dead: file_unlock
  dead: file_trylock
  dead: file_lock_shared
  dead: file_append_locked
  dead: print
  dead: eprint
  dead: getenv
  dead: path_join
  dead: path_basename
  dead: path_dirname
  dead: path_has_ext
  dead: dir_list_full
  dead: is_dir
  dead: dir_walk
  dead: find_files
  dead: tag
  dead: None
  dead: Some
  dead: is_none
  dead: is_some
  dead: unwrap
  dead: unwrap_or
  dead: is_err_result
  dead: result_unwrap
  dead: result_unwrap_or
  dead: err_code_of
  dead: Left
  dead: Right
  dead: is_left
  dead: is_right
  dead: option_print
  dead: result_print
  dead: json_pair_new
  dead: json_parse
  dead: json_get
  dead: json_get_int
  dead: json_build
  dead: json_parse_file
  dead: _exec3
  dead: run
  dead: run_capture
  dead: spawn
  dead: wait_pid
  dead: getpid
  dead: getppid
  dead: exec_vec
  dead: exec_capture
  dead: exec_env
  dead: exec_cmd
  dead: fncall0
  dead: fncall1
  dead: fncall3
  dead: fncall4
  dead: fncall5
  dead: fncall6
  dead: _sk_memset
  dead: _sk_bin_write_hdr
  dead: _sk_bin_read_hdr
  dead: sakshi_output_file
  dead: sakshi_output_file_close
  dead: sakshi_output_buffer
  dead: _sk_ring_put
  dead: sakshi_ring_read_raw
  dead: sakshi_ring_event_count
  dead: sakshi_ring_len
  dead: sakshi_ring_clear
  dead: sakshi_ring_decode_event
  dead: sakshi_output_udp
  dead: sakshi_output_udp_close
  dead: sakshi_ipv4
  dead: sakshi_set_output
  dead: sakshi_set_output_fd
  dead: sakshi_err_new
  dead: sakshi_err_with_ctx
  dead: sakshi_err_code
  dead: sakshi_err_category
  dead: sakshi_err_context
  dead: sakshi_is_err
  dead: sakshi_is_ok
  dead: sakshi_err_at_span
  dead: sakshi_span_depth
  dead: sakshi_set_level
  dead: sakshi_get_level
  dead: sakshi_fatal
  dead: sakshi_error
  dead: sakshi_warn
  dead: sakshi_debug
  dead: sakshi_trace
  dead: sakshi_trace_set
  dead: sakshi_trace_id
  dead: clock_now_ns
  dead: clock_now_ms
  dead: clock_epoch_secs
  dead: clock_epoch_ns
  dead: dur_new
  dead: dur_secs
  dead: dur_nsecs
  dead: dur_to_ms
  dead: dur_to_ns
  dead: dur_between
  dead: sleep_ms
  dead: _chrono_init_mdays
  dead: is_leap_year
  dead: epoch_to_date
  dead: _chrono_w2
  dead: _chrono_w4
  dead: iso8601
  dead: iso8601_now
  dead: iso8601_parse
  dead: args_init
  dead: argc
  dead: argv
  dead: fl_init
  dead: _fl_class
  dead: _fl_block_size
  dead: _fl_arena_alloc
  dead: fl_alloc
  dead: fl_free
  dead: fl_calloc
  dead: _pt_seek
  dead: _pt_flock
  dead: patra_lock_ex
  dead: patra_lock_sh
  dead: patra_unlock
  dead: patra_hdr_init
  dead: patra_hdr_read
  dead: patra_hdr_write
  dead: patra_hdr_verify
  dead: _pt_err
  dead: _pt_file_create
  dead: _pt_file_open
  dead: wal_start
  dead: wal_is_active
  dead: wal_overflowed
  dead: wal_log_page
  dead: page_offset
  dead: wal_commit
  dead: wal_rollback
  dead: wal_recover
  dead: page_read
  dead: page_write
  dead: page_alloc
  dead: page_free
  dead: page_init_data
  dead: row_col_size
  dead: row_compute_size
  dead: row_field_offset
  dead: row_write_int
  dead: row_write_str
  dead: row_read_int
  dead: row_read_str
  dead: _sql_init
  dead: _tok_set
  dead: _tok_type
  dead: _tok_ptr
  dead: _tok_len
  dead: _to_upper
  dead: _is_alpha
  dead: _is_digit
  dead: _is_alnum
  dead: _is_ws
  dead: _kw_eq
  dead: _classify_ident
  dead: sql_tokenize
  dead: _pt_atoi
  dead: _tok_to_cmpop
  dead: _parse_where
  dead: _parse_create
  dead: _parse_insert
  dead: _parse_select
  dead: _parse_update
  dead: _parse_delete
  dead: _parse_create_index
  dead: _parse_drop
  dead: sql_parse
  dead: _wh_resolve_col
  dead: _cmp_int
  dead: _streq_pl
  dead: _strcmp_pl
  dead: _cmp_str
  dead: where_eval
  dead: _bt_mkref
  dead: _bt_ref_pg
  dead: _bt_ref_slot
  dead: btree_create
  dead: _bt_find_leaf
  dead: _bt_leaf_ins
  dead: _bt_int_ins
  dead: _bt_push_up
  dead: btree_insert
  dead: btree_search
  dead: _bt_range
  dead: _bt_rwalk
  dead: btree_remove_ref
  dead: _tbl_entry
  dead: _tbl_name_eq
  dead: tbl_find
  dead: tbl_create
  dead: tbl_drop
  dead: tbl_insert
  dead: tbl_scan
  dead: tbl_scan_where
  dead: tbl_update
  dead: tbl_delete
  dead: jsonl_open
  dead: jsonl_close
  dead: jsonl_append
  dead: _json_escape
  dead: jsonl_append_obj
  dead: jsonl_read
  dead: jsonl_lines_count
  dead: jsonl_lines_get
  dead: jsonl_lines_len
  dead: jsonl_lines_free
  dead: _jl_find_key
  dead: jsonl_get_str
  dead: jsonl_get_int
  dead: jsonl_count
  dead: patra_init
  dead: patra_open
  dead: patra_close
  dead: _db_fd
  dead: _db_hdr
  dead: _exec_create
  dead: _exec_insert
  dead: _exec_update
  dead: _exec_delete
  dead: _exec_drop
  dead: _exec_create_index
  dead: patra_begin
  dead: patra_commit
  dead: patra_rollback
  dead: patra_exec
  dead: _strcmp_nn
  dead: _rs_field_off
  dead: _cmp_rows
  dead: _sort_result_multi
  dead: patra_query
  dead: patra_result_count
  dead: patra_result_cols
  dead: patra_result_get_int
  dead: patra_result_get_str
  dead: patra_result_col_name
  dead: patra_result_col_type
  dead: patra_result_free
  dead: yukti_err_new_ctx
  dead: err_device_not_found
  dead: err_device_busy
  dead: err_mount_failed
  dead: err_unmount_failed
  dead: err_eject_failed
  dead: err_tray_failed
  dead: err_permission_denied
  dead: err_already_mounted
  dead: err_timeout
  dead: err_udev_socket
  dead: err_udev_parse
  dead: err_no_media
  dead: err_unsupported_fs
  dead: err_io
  dead: err_parse
  dead: map_errno_to_err
  dead: has_cap
  dead: device_id_new_cstr
  dead: device_id_eq
  dead: di_sys_path
  dead: di_vendor
  dead: di_serial
  dead: di_fs_type
  dead: di_caps
  dead: di_detected_at
  dead: di_uid
  dead: di_gid
  dead: di_mode
  dead: di_usb_vid
  dead: di_usb_pid
  dead: di_part_table
  dead: di_properties
  dead: di_set_detected_at
  dead: device_info_has_cap
  dead: device_info_is_mounted
  dead: device_info_is_removable
  dead: di_add_cap
  dead: device_health_new
  dead: dh_rotational
  dead: dh_temp
  dead: dh_scheduler
  dead: query_device_health
  dead: device_info_to_json
  dead: event_kind_to_str
  dead: device_event_new
  dead: de_device_id
  dead: de_device_class
  dead: de_kind
  dead: de_dev_path
  dead: de_timestamp
  dead: de_extra
  dead: de_device_info
  dead: de_set_extra
  dead: de_set_device_info
  dead: device_event_with_info
  dead: device_event_is_attach
  dead: device_event_is_detach
  dead: device_event_is_removable
  dead: device_event_kind_display
  dead: event_collector_new
  dead: event_collector_push
  dead: event_collector_count
  dead: event_collector_get
  dead: event_collector_clear
  dead: listener_entry_new
  dead: dispatch_event_to_listeners
  dead: filesystem_to_str
  dead: _str_eq_ci
  dead: filesystem_from_str
  dead: filesystem_is_writable
  dead: filesystem_is_optical
  dead: filesystem_usage
  dead: mount_options_new
  dead: mount_options_set_point
  dead: mount_options_set_ro
  dead: mount_options_set_fs
  dead: mount_result_new
  dead: mr_device_id
  dead: mr_dev_path
  dead: mr_mount_point
  dead: mr_fs_type
  dead: mr_read_only
  dead: _is_forbidden_mount
  dead: default_mount_point
  dead: is_mounted
  dead: validate_mount_point
  dead: _parse_mount_flags
  dead: _get_auto_fs_type
  dead: storage_mount
  dead: storage_unmount
  dead: storage_eject
  dead: disc_type_to_str
  dead: disc_type_has_audio
  dead: disc_type_has_data
  dead: disc_type_is_writable
  dead: tray_state_to_str
  dead: toc_entry_new
  dead: te_number
  dead: te_track_type
  dead: te_start_lba
  dead: te_length_sectors
  dead: te_duration_x100
  dead: disc_toc_new
  dead: toc_disc_type
  dead: toc_tracks
  dead: toc_total_size
  dead: toc_audio_track_count
  dead: toc_data_track_count
  dead: toc_total_audio_duration_x100
  dead: _open_optical_device
  dead: _map_ioctl_error
  dead: open_tray
  dead: close_tray
  dead: drive_status
  dead: read_toc
  dead: classify_toc_tracks
  dead: detect_disc_type
  dead: is_dvd_video
  dead: ue_action
  dead: udev_event_is_add
  dead: udev_event_is_remove
  dead: udev_event_is_change
  dead: enumerate_block_devices
  dead: parse_uevent
  dead: udev_event_to_device_event
  dead: udev_monitor_new
  dead: udev_monitor_with_filter
  dead: udev_monitor_poll
  dead: udev_monitor_stop
  dead: udev_monitor_close
  dead: udev_monitor_is_running
  dead: udev_monitor_run
  dead: linux_dm_add_listener
  dead: linux_dm_dispatch_event
  dead: linux_dm_get
  dead: linux_dm_refresh
  dead: linux_dm_mount
  dead: linux_dm_unmount
  dead: linux_dm_eject
  dead: linux_dm_start_monitor
  dead: linux_dm_stop_monitor
  dead: udev_rule_new
  dead: ur_name
  dead: ur_match_attrs
  dead: ur_actions
  dead: pair_new
  dead: pair_key
  dead: pair_value
  dead: udev_device_info_new
  dead: udi_syspath
  dead: udi_devpath
  dead: udi_subsystem
  dead: udi_devtype
  dead: udi_driver
  dead: udi_devnode
  dead: render_rule
  dead: _is_dangerous_action
  dead: validate_rule
  dead: write_rule
  dead: remove_rule
  dead: reload_rules
  dead: trigger_device
  dead: query_device
  dead: list_devices
  dead: partition_entry_new
  dead: pe_index
  dead: pe_type_id
  dead: pe_start_lba
  dead: pe_size_sectors
  dead: pe_size_bytes
  dead: pe_bootable
  dead: pe_name
  dead: pe_is_efi
  dead: partition_table_new
  dead: pt_type
  dead: pt_entries
  dead: pt_disk_guid
  dead: pt_type_to_str
  dead: mbr_type_to_str
  dead: _read_sector
  dead: _read_at
  dead: _parse_mbr_entries
  dead: _format_guid
  dead: _hex2
  dead: _is_efi_type_guid
  dead: _is_linux_type_guid
  dead: _is_linux_swap_guid
  dead: _is_msdata_type_guid
  dead: _gpt_type_guid_to_str
  dead: _is_zero_guid
  dead: _parse_gpt_name
  dead: _parse_gpt_entries
  dead: read_partition_table
  dead: find_efi_partition
  dead: find_bootable_partitions
  dead: partition_count
  dead: has_efi_partition
  dead: read_partition_table_by_name
  dead: device_db_open
  dead: device_db_close
  dead: device_db_handle
  dead: _device_key
  dead: device_db_record_seen
  dead: device_db_record_mount
  dead: device_db_set_preference
  dead: device_db_get_preference
  dead: pref_mount_point
  dead: pref_read_only
  dead: pref_fs_type
  dead: pref_auto_mount
  dead: device_db_mount_count
  dead: device_db_device_count
  dead: device_db_is_known
  dead: net_fs_to_str
  dead: net_fs_to_kernel_type
  dead: network_share_new
  dead: ns_host
  dead: ns_path
  dead: ns_fs_type
  dead: ns_port
  dead: ns_username
  dead: ns_password
  dead: ns_set_port
  dead: ns_set_username
  dead: ns_set_password
  dead: ns_default_port
  dead: network_mount_source
  dead: _build_smb_options
  dead: _build_nfs_options
  dead: network_mount
  dead: network_unmount
  dead: network_list_mounted
  dead: network_probe_host
  dead: network_probe_smb
  dead: network_probe_nfs
  dead: gpu_vendor_name
  dead: gpu_info_card_name
  dead: gpu_info_dev_path
  dead: gpu_info_sys_path
  dead: gpu_info_vendor_id
  dead: gpu_info_device_id
  dead: gpu_info_driver
  dead: gpu_info_pci_slot
  dead: gpu_info_render_node
  dead: _parse_hex_attr
  dead: _parse_uevent_key
  dead: enumerate_gpus
  dead: enumerate_gpus_sysfs
  dead: gpu_count
  dead: gpu_info_report
